<?xml version="1.0" encoding="UTF-8"?>
<!-- Generated by org.testng.reporters.JUnitXMLReporter -->
<testsuite ignored="0" hostname="macs-MacBook-Pro.local" failures="0" tests="3" name="Default test" time="0.063" errors="0" timestamp="2022-03-21T19:34:09 PKT">
  <testcase classname="UIAutomation.Selenium.AppTest" name="Test1" time="0.009"/>
  <testcase classname="UIAutomation.Selenium.AppTest" name="Test2" time="0.002"/>
  <testcase classname="UIAutomation.Selenium.AppTest" name="Test2" time="0.001"/>
</testsuite> <!-- Default test -->
