<?xml version="1.0" encoding="UTF-8"?>
<!-- Generated by org.testng.reporters.JUnitXMLReporter -->
<testsuite ignored="0" hostname="macs-MacBook-Pro.local" failures="0" tests="5" name="Test" time="0.085" errors="0" timestamp="2022-03-21T20:03:33 PKT">
  <testcase classname="UIAutomation.Selenium.AppTest2" name="Test3" time="0.01"/>
  <testcase classname="UIAutomation.Selenium.AppTest2" name="Test4" time="0.002"/>
  <testcase classname="UIAutomation.Selenium.AppTest" name="Test1" time="0.001"/>
  <testcase classname="UIAutomation.Selenium.AppTest" name="Test2" time="0.001"/>
  <testcase classname="UIAutomation.Selenium.AppTest" name="Test2" time="0.001"/>
</testsuite> <!-- Test -->
