<?xml version="1.0" encoding="UTF-8"?>
<testsuite xmlns:xsi="http://www.w3.org/2001/XMLSchema-instance" xsi:noNamespaceSchemaLocation="https://maven.apache.org/surefire/maven-surefire-plugin/xsd/surefire-test-report.xsd" name="TestSuite" time="5.502" tests="5" errors="0" skipped="0" failures="0">
  <properties>
[...]
</properties>
  <testcase name="Test3" classname="UIAutomation.Selenium.AppTest2" time="0.005"/>
  <testcase name="Test4" classname="UIAutomation.Selenium.AppTest2" time="0.001"/>
  <testcase name="Test1" classname="UIAutomation.Selenium.AppTest" time="0"/>
  <testcase name="Test2" classname="UIAutomation.Selenium.AppTest" time="0.001"/>
  <testcase name="Test2" classname="UIAutomation.Selenium.AppTest" time="0"/>
</testsuite>