<?xml version="1.0" encoding="UTF-8"?>
<testng-results ignored="0" total="5" passed="5" failed="0" skipped="0">
  <reporter-output>
  </reporter-output>
  <suite started-at="2022-03-21T20:03:28 PKT" name="Suite" finished-at="2022-03-21T20:03:28 PKT" duration-ms="85">
    <groups>
      <group name="smoke">
        <method signature="AppTest.Test1()[pri:0, instance:UIAutomation.Selenium.AppTest@4d15107f]" name="Test1" class="UIAutomation.Selenium.AppTest"/>
        <method signature="AppTest2.Test3()[pri:0, instance:UIAutomation.Selenium.AppTest2@5fb759d6]" name="Test3" class="UIAutomation.Selenium.AppTest2"/>
      </group> <!-- smoke -->
    </groups>
    <test started-at="2022-03-21T20:03:28 PKT" name="Test" finished-at="2022-03-21T20:03:28 PKT" duration-ms="85">
      <class name="UIAutomation.Selenium.AppTest2">
        <test-method signature="Test3()[pri:0, instance:UIAutomation.Selenium.AppTest2@5fb759d6]" started-at="2022-03-21T20:03:28 PKT" name="Test3" finished-at="2022-03-21T20:03:28 PKT" duration-ms="10" status="PASS">
          <reporter-output>
          </reporter-output>
        </test-method> <!-- Test3 -->
        <test-method signature="Test4()[pri:0, instance:UIAutomation.Selenium.AppTest2@5fb759d6]" started-at="2022-03-21T20:03:28 PKT" name="Test4" finished-at="2022-03-21T20:03:28 PKT" duration-ms="2" status="PASS">
          <reporter-output>
          </reporter-output>
        </test-method> <!-- Test4 -->
      </class> <!-- UIAutomation.Selenium.AppTest2 -->
      <class name="UIAutomation.Selenium.AppTest">
        <test-method signature="Test1()[pri:0, instance:UIAutomation.Selenium.AppTest@4d15107f]" started-at="2022-03-21T20:03:28 PKT" name="Test1" finished-at="2022-03-21T20:03:28 PKT" duration-ms="1" status="PASS">
          <reporter-output>
          </reporter-output>
        </test-method> <!-- Test1 -->
        <test-method signature="Test2(java.lang.String,java.lang.String)[pri:0, instance:UIAutomation.Selenium.AppTest@4d15107f]" started-at="2022-03-21T20:03:28 PKT" name="Test2" data-provider="getObj" finished-at="2022-03-21T20:03:28 PKT" duration-ms="1" status="PASS">
          <params>
            <param index="0">
              <value>
                <![CDATA[Jahanzab]]>
              </value>
            </param>
            <param index="1">
              <value>
                <![CDATA[Farooq]]>
              </value>
            </param>
          </params>
          <reporter-output>
          </reporter-output>
        </test-method> <!-- Test2 -->
        <test-method signature="Test2(java.lang.String,java.lang.String)[pri:0, instance:UIAutomation.Selenium.AppTest@4d15107f]" started-at="2022-03-21T20:03:28 PKT" name="Test2" data-provider="getObj" finished-at="2022-03-21T20:03:28 PKT" duration-ms="1" status="PASS">
          <params>
            <param index="0">
              <value>
                <![CDATA[Salman]]>
              </value>
            </param>
            <param index="1">
              <value>
                <![CDATA[Farooq]]>
              </value>
            </param>
          </params>
          <reporter-output>
          </reporter-output>
        </test-method> <!-- Test2 -->
      </class> <!-- UIAutomation.Selenium.AppTest -->
    </test> <!-- Test -->
  </suite> <!-- Suite -->
</testng-results>
